{"/home/lewis/Repositories/Makers_Academy/10_Week/GildedRose-Refactoring-Kata/js/spec/gilded_rose_spec.js":{"path":"/home/lewis/Repositories/Makers_Academy/10_Week/GildedRose-Refactoring-Kata/js/spec/gilded_rose_spec.js","s":{"1":1,"2":1,"3":0,"4":0,"5":1,"6":0,"7":0,"8":0,"9":0,"10":0,"11":0,"12":0,"13":0,"14":0,"15":0,"16":0,"17":0,"18":0,"19":0,"20":0,"21":0,"22":0,"23":0,"24":0,"25":0,"26":0,"27":0,"28":0,"29":0,"30":0,"31":0,"32":0,"33":0,"34":0,"35":0,"36":0,"37":0,"38":0,"39":0,"40":0,"41":0,"42":0,"43":0,"44":0,"45":0,"46":0,"47":0,"48":0,"49":0,"50":0,"51":0,"52":0},"b":{},"f":{"1":0,"2":0,"3":0,"4":0,"5":0,"6":0,"7":0,"8":0,"9":0,"10":0,"11":0,"12":0,"13":0,"14":0,"15":0,"16":0,"17":0,"18":0,"19":0,"20":0,"21":0},"fnMap":{"1":{"name":"(anonymous_1)","line":1,"loc":{"start":{"line":1,"column":24},"end":{"line":1,"column":35}}},"2":{"name":"sixDaysPass","line":3,"loc":{"start":{"line":3,"column":2},"end":{"line":3,"column":25}}},"3":{"name":"oneHundredDaysPass","line":9,"loc":{"start":{"line":9,"column":2},"end":{"line":9,"column":32}}},"4":{"name":"(anonymous_4)","line":15,"loc":{"start":{"line":15,"column":55},"end":{"line":15,"column":66}}},"5":{"name":"(anonymous_5)","line":19,"loc":{"start":{"line":19,"column":47},"end":{"line":19,"column":58}}},"6":{"name":"(anonymous_6)","line":20,"loc":{"start":{"line":20,"column":57},"end":{"line":20,"column":68}}},"7":{"name":"(anonymous_7)","line":24,"loc":{"start":{"line":24,"column":60},"end":{"line":24,"column":71}}},"8":{"name":"(anonymous_8)","line":30,"loc":{"start":{"line":30,"column":24},"end":{"line":30,"column":35}}},"9":{"name":"(anonymous_9)","line":31,"loc":{"start":{"line":31,"column":57},"end":{"line":31,"column":68}}},"10":{"name":"(anonymous_10)","line":35,"loc":{"start":{"line":35,"column":62},"end":{"line":35,"column":73}}},"11":{"name":"(anonymous_11)","line":39,"loc":{"start":{"line":39,"column":49},"end":{"line":39,"column":60}}},"12":{"name":"(anonymous_12)","line":45,"loc":{"start":{"line":45,"column":23},"end":{"line":45,"column":34}}},"13":{"name":"(anonymous_13)","line":46,"loc":{"start":{"line":46,"column":56},"end":{"line":46,"column":67}}},"14":{"name":"(anonymous_14)","line":50,"loc":{"start":{"line":50,"column":57},"end":{"line":50,"column":68}}},"15":{"name":"(anonymous_15)","line":54,"loc":{"start":{"line":54,"column":56},"end":{"line":54,"column":67}}},"16":{"name":"(anonymous_16)","line":58,"loc":{"start":{"line":58,"column":57},"end":{"line":58,"column":68}}},"17":{"name":"(anonymous_17)","line":64,"loc":{"start":{"line":64,"column":31},"end":{"line":64,"column":42}}},"18":{"name":"(anonymous_18)","line":65,"loc":{"start":{"line":65,"column":63},"end":{"line":65,"column":74}}},"19":{"name":"(anonymous_19)","line":69,"loc":{"start":{"line":69,"column":64},"end":{"line":69,"column":75}}},"20":{"name":"(anonymous_20)","line":73,"loc":{"start":{"line":73,"column":42},"end":{"line":73,"column":53}}},"21":{"name":"(anonymous_21)","line":77,"loc":{"start":{"line":77,"column":52},"end":{"line":77,"column":63}}}},"statementMap":{"1":{"start":{"line":1,"column":0},"end":{"line":82,"column":3}},"2":{"start":{"line":3,"column":2},"end":{"line":7,"column":3}},"3":{"start":{"line":4,"column":4},"end":{"line":6,"column":5}},"4":{"start":{"line":5,"column":6},"end":{"line":5,"column":26}},"5":{"start":{"line":9,"column":2},"end":{"line":13,"column":3}},"6":{"start":{"line":10,"column":4},"end":{"line":12,"column":5}},"7":{"start":{"line":11,"column":6},"end":{"line":11,"column":26}},"8":{"start":{"line":15,"column":2},"end":{"line":17,"column":5}},"9":{"start":{"line":16,"column":4},"end":{"line":16,"column":53}},"10":{"start":{"line":19,"column":2},"end":{"line":28,"column":4}},"11":{"start":{"line":20,"column":4},"end":{"line":23,"column":7}},"12":{"start":{"line":21,"column":6},"end":{"line":21,"column":26}},"13":{"start":{"line":22,"column":6},"end":{"line":22,"column":45}},"14":{"start":{"line":24,"column":4},"end":{"line":27,"column":7}},"15":{"start":{"line":25,"column":6},"end":{"line":25,"column":26}},"16":{"start":{"line":26,"column":6},"end":{"line":26,"column":47}},"17":{"start":{"line":30,"column":2},"end":{"line":43,"column":5}},"18":{"start":{"line":31,"column":4},"end":{"line":34,"column":7}},"19":{"start":{"line":32,"column":6},"end":{"line":32,"column":26}},"20":{"start":{"line":33,"column":6},"end":{"line":33,"column":45}},"21":{"start":{"line":35,"column":4},"end":{"line":38,"column":7}},"22":{"start":{"line":36,"column":6},"end":{"line":36,"column":26}},"23":{"start":{"line":37,"column":6},"end":{"line":37,"column":46}},"24":{"start":{"line":39,"column":4},"end":{"line":42,"column":7}},"25":{"start":{"line":40,"column":6},"end":{"line":40,"column":26}},"26":{"start":{"line":41,"column":6},"end":{"line":41,"column":47}},"27":{"start":{"line":45,"column":2},"end":{"line":62,"column":5}},"28":{"start":{"line":46,"column":4},"end":{"line":49,"column":7}},"29":{"start":{"line":47,"column":6},"end":{"line":47,"column":26}},"30":{"start":{"line":48,"column":6},"end":{"line":48,"column":45}},"31":{"start":{"line":50,"column":4},"end":{"line":53,"column":7}},"32":{"start":{"line":51,"column":6},"end":{"line":51,"column":26}},"33":{"start":{"line":52,"column":6},"end":{"line":52,"column":47}},"34":{"start":{"line":54,"column":4},"end":{"line":57,"column":7}},"35":{"start":{"line":55,"column":6},"end":{"line":55,"column":26}},"36":{"start":{"line":56,"column":6},"end":{"line":56,"column":46}},"37":{"start":{"line":58,"column":4},"end":{"line":61,"column":7}},"38":{"start":{"line":59,"column":6},"end":{"line":59,"column":26}},"39":{"start":{"line":60,"column":6},"end":{"line":60,"column":47}},"40":{"start":{"line":64,"column":2},"end":{"line":81,"column":5}},"41":{"start":{"line":65,"column":4},"end":{"line":68,"column":7}},"42":{"start":{"line":66,"column":6},"end":{"line":66,"column":26}},"43":{"start":{"line":67,"column":6},"end":{"line":67,"column":46}},"44":{"start":{"line":69,"column":4},"end":{"line":72,"column":7}},"45":{"start":{"line":70,"column":6},"end":{"line":70,"column":26}},"46":{"start":{"line":71,"column":6},"end":{"line":71,"column":47}},"47":{"start":{"line":73,"column":4},"end":{"line":76,"column":7}},"48":{"start":{"line":74,"column":6},"end":{"line":74,"column":26}},"49":{"start":{"line":75,"column":6},"end":{"line":75,"column":47}},"50":{"start":{"line":77,"column":4},"end":{"line":80,"column":6}},"51":{"start":{"line":78,"column":6},"end":{"line":78,"column":19}},"52":{"start":{"line":79,"column":6},"end":{"line":79,"column":46}}},"branchMap":{}}}